<?xml version="1.0" encoding="UTF-8"?>
<!-- Generated by org.testng.reporters.JUnitXMLReporter -->
<testsuite ignored="0" hostname="DESKTOP-D0UG65H" failures="0" tests="4" name="FbLoginTest" time="39.196" errors="0" timestamp="2021-11-13T23:30:57 IST">
  <testcase classname="practiceMaven.FbDataProvider" name="launchApp" time="0.876"/>
  <testcase classname="practiceMaven.FbDataProvider" name="LoginDetails" time="10.199"/>
  <testcase classname="practiceMaven.FbDataProvider" name="LoginDetails" time="10.185"/>
  <testcase classname="practiceMaven.FbDataProvider" name="LoginDetails" time="10.182"/>
</testsuite> <!-- FbLoginTest -->
